#-----------------------------------------------------------
# Vivado v2017.4 (64-bit)
# SW Build 2086221 on Fri Dec 15 20:55:39 MST 2017
# IP Build 2085800 on Fri Dec 15 22:25:07 MST 2017
# Start of session at: Mon Oct 31 21:46:39 2022
# Process ID: 13856
# Current directory: C:/Users/sco/Desktop/ass2-3
# Command line: vivado.exe -gui_launcher_event rodinguilauncherevent12716 C:\Users\sco\Desktop\ass2-3\ass2-3.xpr
# Log file: C:/Users/sco/Desktop/ass2-3/vivado.log
# Journal file: C:/Users/sco/Desktop/ass2-3\vivado.jou
#-----------------------------------------------------------
start_gui
open_project C:/Users/sco/Desktop/ass2-3/ass2-3.xpr
Scanning sources...
Finished scanning sources
INFO: [IP_Flow 19-234] Refreshing IP repositories
INFO: [IP_Flow 19-1704] No user IP repositories specified
INFO: [IP_Flow 19-2313] Loaded Vivado IP repository 'C:/Xilinx/Vivado/2017.4/data/ip'.
open_project: Time (s): cpu = 00:00:16 ; elapsed = 00:00:08 . Memory (MB): peak = 746.836 ; gain = 32.887
update_compile_order -fileset sources_1
exit
INFO: [Common 17-206] Exiting Vivado at Tue Nov  1 02:20:30 2022...
