#-----------------------------------------------------------
# Vivado v2017.4 (64-bit)
# SW Build 2086221 on Fri Dec 15 20:55:39 MST 2017
# IP Build 2085800 on Fri Dec 15 22:25:07 MST 2017
# Start of session at: Tue Nov  1 22:34:09 2022
# Process ID: 13916
# Current directory: C:/Users/sco/Desktop/ass2-2
# Command line: vivado.exe -gui_launcher_event rodinguilauncherevent6304 C:\Users\sco\Desktop\ass2-2\ass2-2.xpr
# Log file: C:/Users/sco/Desktop/ass2-2/vivado.log
# Journal file: C:/Users/sco/Desktop/ass2-2\vivado.jou
#-----------------------------------------------------------
start_gui
open_project C:/Users/sco/Desktop/ass2-2/ass2-2.xpr
Scanning sources...
Finished scanning sources
INFO: [IP_Flow 19-234] Refreshing IP repositories
INFO: [IP_Flow 19-1704] No user IP repositories specified
INFO: [IP_Flow 19-2313] Loaded Vivado IP repository 'C:/Xilinx/Vivado/2017.4/data/ip'.
open_project: Time (s): cpu = 00:00:17 ; elapsed = 00:00:09 . Memory (MB): peak = 758.375 ; gain = 58.836
update_compile_order -fileset sources_1
launch_simulation
INFO: [Vivado 12-5682] Launching behavioral simulation in 'C:/Users/sco/Desktop/ass2-2/ass2-2.sim/sim_1/behav/xsim'
INFO: [SIM-utils-51] Simulation object is 'sim_1'
INFO: [SIM-utils-54] Inspecting design source files for 'a2t2_sim' in fileset 'sim_1'...
INFO: [USF-XSim-97] Finding global include files...
INFO: [USF-XSim-98] Fetching design files from 'sim_1'...
INFO: [USF-XSim-2] XSim::Compile design
INFO: [USF-XSim-61] Executing 'COMPILE and ANALYZE' step in 'C:/Users/sco/Desktop/ass2-2/ass2-2.sim/sim_1/behav/xsim'
"xvlog --incr --relax -prj a2t2_sim_vlog.prj"
INFO: [VRFC 10-2263] Analyzing Verilog file "C:/Users/sco/Desktop/ass2-2/ass2-2.srcs/sources_1/new/a2t2_pomax.v" into library xil_defaultlib
INFO: [VRFC 10-311] analyzing module a2t2_pomax
INFO: [VRFC 10-2263] Analyzing Verilog file "C:/Users/sco/Desktop/ass2-2/ass2-2.srcs/sources_1/new/a2t2_somin.v" into library xil_defaultlib
INFO: [VRFC 10-311] analyzing module a2t2_somin
INFO: [VRFC 10-2263] Analyzing Verilog file "C:/Users/sco/Desktop/ass2-2/ass2-2.srcs/sim_1/new/a2t2_sim.v" into library xil_defaultlib
INFO: [VRFC 10-311] analyzing module a2t2_sim
INFO: [USF-XSim-69] 'compile' step finished in '1' seconds
INFO: [USF-XSim-3] XSim::Elaborate design
INFO: [USF-XSim-61] Executing 'ELABORATE' step in 'C:/Users/sco/Desktop/ass2-2/ass2-2.sim/sim_1/behav/xsim'
Vivado Simulator 2017.4
Copyright 1986-1999, 2001-2016 Xilinx, Inc. All Rights Reserved.
Running: C:/Xilinx/Vivado/2017.4/bin/unwrapped/win64.o/xelab.exe -wto ad7a61fc6d2b4505abe6e1d2ebd180cb --incr --debug typical --relax --mt 2 -L xil_defaultlib -L unisims_ver -L unimacro_ver -L secureip --snapshot a2t2_sim_behav xil_defaultlib.a2t2_sim xil_defaultlib.glbl -log elaborate.log 
Using 2 slave threads.
Starting static elaboration
Completed static elaboration
Starting simulation data flow analysis
Completed simulation data flow analysis
Time Resolution for simulation is 1ps
Compiling module xil_defaultlib.a2t2_somin
Compiling module xil_defaultlib.a2t2_pomax
Compiling module xil_defaultlib.a2t2_sim
Compiling module xil_defaultlib.glbl
Built simulation snapshot a2t2_sim_behav

****** Webtalk v2017.4 (64-bit)
  **** SW Build 2086221 on Fri Dec 15 20:55:39 MST 2017
  **** IP Build 2085800 on Fri Dec 15 22:25:07 MST 2017
    ** Copyright 1986-2017 Xilinx, Inc. All Rights Reserved.

source C:/Users/sco/Desktop/ass2-2/ass2-2.sim/sim_1/behav/xsim/xsim.dir/a2t2_sim_behav/webtalk/xsim_webtalk.tcl -notrace
INFO: [Common 17-206] Exiting Webtalk at Tue Nov  1 22:39:02 2022...
run_program: Time (s): cpu = 00:00:01 ; elapsed = 00:00:06 . Memory (MB): peak = 794.922 ; gain = 0.000
INFO: [USF-XSim-69] 'elaborate' step finished in '6' seconds
INFO: [USF-XSim-4] XSim::Simulate design
INFO: [USF-XSim-61] Executing 'SIMULATE' step in 'C:/Users/sco/Desktop/ass2-2/ass2-2.sim/sim_1/behav/xsim'
INFO: [USF-XSim-98] *** Running xsim
   with args "a2t2_sim_behav -key {Behavioral:sim_1:Functional:a2t2_sim} -tclbatch {a2t2_sim.tcl} -log {simulate.log}"
INFO: [USF-XSim-8] Loading simulator feature
Vivado Simulator 2017.4
Time resolution is 1 ps
source a2t2_sim.tcl
# set curr_wave [current_wave_config]
# if { [string length $curr_wave] == 0 } {
#   if { [llength [get_objects]] > 0} {
#     add_wave /
#     set_property needs_save false [current_wave_config]
#   } else {
#      send_msg_id Add_Wave-1 WARNING "No top level signals found. Simulator will start without a wave window. If you want to open a wave window go to 'File->New Waveform Configuration' or type 'create_wave_config' in the TCL console."
#   }
# }
# run 1000ns
$finish called at time : 160 ns : File "C:/Users/sco/Desktop/ass2-2/ass2-2.srcs/sim_1/new/a2t2_sim.v" Line 34
xsim: Time (s): cpu = 00:00:07 ; elapsed = 00:00:06 . Memory (MB): peak = 807.676 ; gain = 12.754
INFO: [USF-XSim-96] XSim completed. Design snapshot 'a2t2_sim_behav' loaded.
INFO: [USF-XSim-97] XSim simulation ran for 1000ns
launch_simulation: Time (s): cpu = 00:00:12 ; elapsed = 00:00:18 . Memory (MB): peak = 807.676 ; gain = 12.754
close_sim
INFO: [Simtcl 6-16] Simulation closed
close_sim: Time (s): cpu = 00:00:05 ; elapsed = 00:00:11 . Memory (MB): peak = 820.723 ; gain = 0.000
exit
INFO: [Common 17-206] Exiting Vivado at Tue Nov  1 22:43:48 2022...
