#-----------------------------------------------------------
# Vivado v2017.4 (64-bit)
# SW Build 2086221 on Fri Dec 15 20:55:39 MST 2017
# IP Build 2085800 on Fri Dec 15 22:25:07 MST 2017
# Start of session at: Tue Nov  1 23:18:41 2022
# Process ID: 1644
# Current directory: C:/Users/sco/Desktop/ass2-1
# Command line: vivado.exe -gui_launcher_event rodinguilauncherevent16340 C:\Users\sco\Desktop\ass2-1\ass2-1.xpr
# Log file: C:/Users/sco/Desktop/ass2-1/vivado.log
# Journal file: C:/Users/sco/Desktop/ass2-1\vivado.jou
#-----------------------------------------------------------
start_gui
open_project C:/Users/sco/Desktop/ass2-1/ass2-1.xpr
Scanning sources...
Finished scanning sources
INFO: [IP_Flow 19-234] Refreshing IP repositories
INFO: [IP_Flow 19-1704] No user IP repositories specified
INFO: [IP_Flow 19-2313] Loaded Vivado IP repository 'C:/Xilinx/Vivado/2017.4/data/ip'.
open_project: Time (s): cpu = 00:00:15 ; elapsed = 00:00:08 . Memory (MB): peak = 752.191 ; gain = 47.445
update_compile_order -fileset sources_1
exit
INFO: [Common 17-206] Exiting Vivado at Tue Nov  1 23:36:03 2022...
